
> abacusweb-backend@0.1.0 dev
> nodemon src/server.js

[33m[nodemon] 3.1.11[39m
[33m[nodemon] to restart at any time, enter `rs`[39m
[33m[nodemon] watching path(s): *.*[39m
[33m[nodemon] watching extensions: js,mjs,cjs,json[39m
[32m[nodemon] starting `node src/server.js`[39m
{"timestamp":"2026-02-18T16:07:24.523Z","level":"info","app":"abacusweb-backend","message":"server_started","port":4000}
{"timestamp":"2026-02-18T16:07:26.948Z","level":"info","app":"abacusweb-backend","message":"request_completed","method":"POST","path":"/api/partners","statusCode":401,"durationMs":57,"ip":"::1"}
{"timestamp":"2026-02-18T16:07:27.039Z","level":"info","app":"abacusweb-backend","message":"request_completed","method":"POST","path":"/api/auth/refresh","statusCode":401,"durationMs":79,"ip":"::1"}
{"timestamp":"2026-02-18T16:07:27.166Z","level":"error","app":"abacusweb-backend","message":"audit_write_failed","action":"LOGOUT","entityType":"AUTH","entityId":null,"tenantId":"tenant_default","reason":"\nInvalid `prisma.auditLog.create()` invocation:\n\n\nForeign key constraint violated on the fields: (`userId`)"}
{"timestamp":"2026-02-18T16:07:27.168Z","level":"info","app":"abacusweb-backend","message":"request_completed","method":"POST","path":"/api/auth/logout","statusCode":200,"durationMs":118,"ip":"::1"}
{"timestamp":"2026-02-18T16:07:31.568Z","level":"info","app":"abacusweb-backend","message":"request_completed","method":"POST","path":"/api/auth/login","statusCode":200,"durationMs":389,"ip":"::1"}
{"timestamp":"2026-02-18T16:07:31.704Z","level":"info","app":"abacusweb-backend","message":"request_completed","method":"GET","path":"/api/reports/health-metrics","statusCode":304,"durationMs":46,"ip":"::1"}
{"timestamp":"2026-02-18T16:07:31.730Z","level":"info","app":"abacusweb-backend","message":"request_completed","method":"GET","path":"/api/reports/health-metrics","statusCode":304,"durationMs":23,"ip":"::1"}
{"timestamp":"2026-02-18T16:07:31.760Z","level":"info","app":"abacusweb-backend","message":"request_completed","method":"GET","path":"/api/reports/dashboard-summary","statusCode":200,"durationMs":125,"ip":"::1"}
{"timestamp":"2026-02-18T16:07:31.816Z","level":"info","app":"abacusweb-backend","message":"request_completed","method":"GET","path":"/api/reports/dashboard-summary","statusCode":304,"durationMs":55,"ip":"::1"}
{"timestamp":"2026-02-18T16:08:12.806Z","level":"info","app":"abacusweb-backend","message":"request_completed","method":"GET","path":"/api/health","statusCode":200,"durationMs":11,"ip":"::1"}
{"timestamp":"2026-02-18T16:08:18.813Z","level":"info","app":"abacusweb-backend","message":"request_completed","method":"GET","path":"/api/reports/health-metrics","statusCode":304,"durationMs":43,"ip":"::1"}
{"timestamp":"2026-02-18T16:08:18.849Z","level":"info","app":"abacusweb-backend","message":"request_completed","method":"GET","path":"/api/reports/health-metrics","statusCode":304,"durationMs":31,"ip":"::1"}
{"timestamp":"2026-02-18T16:08:18.922Z","level":"info","app":"abacusweb-backend","message":"request_completed","method":"GET","path":"/api/reports/dashboard-summary","statusCode":304,"durationMs":159,"ip":"::1"}
{"timestamp":"2026-02-18T16:08:19.011Z","level":"info","app":"abacusweb-backend","message":"request_completed","method":"GET","path":"/api/reports/dashboard-summary","statusCode":304,"durationMs":86,"ip":"::1"}
{"timestamp":"2026-02-18T16:08:21.456Z","level":"info","app":"abacusweb-backend","message":"request_completed","method":"GET","path":"/api/business-partners?limit=20&offset=0","statusCode":200,"durationMs":32,"ip":"::1"}
{"timestamp":"2026-02-18T16:08:21.501Z","level":"info","app":"abacusweb-backend","message":"request_completed","method":"GET","path":"/api/business-partners?limit=20&offset=0","statusCode":304,"durationMs":43,"ip":"::1"}
{"timestamp":"2026-02-18T16:08:24.157Z","level":"info","app":"abacusweb-backend","message":"request_completed","method":"GET","path":"/api/business-partners/cmls86hj40016hr3ovu824t7b","statusCode":200,"durationMs":65,"ip":"::1"}
{"timestamp":"2026-02-18T16:08:24.200Z","level":"info","app":"abacusweb-backend","message":"request_completed","method":"GET","path":"/api/business-partners/cmls86hj40016hr3ovu824t7b","statusCode":304,"durationMs":40,"ip":"::1"}
{"timestamp":"2026-02-18T16:08:28.724Z","level":"info","app":"abacusweb-backend","message":"request_completed","method":"GET","path":"/api/business-partners?limit=20&offset=0","statusCode":304,"durationMs":30,"ip":"::1"}
{"timestamp":"2026-02-18T16:08:28.748Z","level":"info","app":"abacusweb-backend","message":"request_completed","method":"GET","path":"/api/business-partners?limit=20&offset=0","statusCode":304,"durationMs":22,"ip":"::1"}
{"timestamp":"2026-02-18T16:10:55.925Z","level":"info","app":"abacusweb-backend","message":"request_completed","method":"POST","path":"/api/partners","statusCode":201,"durationMs":383,"ip":"::1"}
{"timestamp":"2026-02-18T16:10:56.286Z","level":"error","app":"abacusweb-backend","message":"\nInvalid `prisma.businessPartner.update()` invocation:\n\n\nThe provided value for the column is too long for the column's type. Column: logoUrl","method":"PATCH","path":"/api/business-partners/cmls8baar000dhr9o1y2zdjxv","ip":"::1","userId":"cmls86h81000bhr3o0vcj3l6p","role":"SUPERADMIN","tenantId":"tenant_default","status":500,"errorCode":"INTERNAL_ERROR","stack":"PrismaClientKnownRequestError: \nInvalid `prisma.businessPartner.update()` invocation:\n\n\nThe provided value for the column is too long for the column's type. Column: logoUrl\n    at ei.handleRequestError (D:\\kaka\\node_modules\\@prisma\\client\\runtime\\library.js:121:7268)\n    at ei.handleAndLogRequestError (D:\\kaka\\node_modules\\@prisma\\client\\runtime\\library.js:121:6593)\n    at ei.request (D:\\kaka\\node_modules\\@prisma\\client\\runtime\\library.js:121:6300)\n    at async a (D:\\kaka\\node_modules\\@prisma\\client\\runtime\\library.js:130:9551)\n    at async file:///D:/kaka/src/controllers/business-partners.controller.js:316:21\n    at async Proxy._transactionWithCallback (D:\\kaka\\node_modules\\@prisma\\client\\runtime\\library.js:130:8120)\n    at async file:///D:/kaka/src/controllers/business-partners.controller.js:315:19"}
{"timestamp":"2026-02-18T16:10:56.287Z","level":"info","app":"abacusweb-backend","message":"request_completed","method":"PATCH","path":"/api/business-partners/cmls8baar000dhr9o1y2zdjxv","statusCode":500,"durationMs":351,"ip":"::1"}
{"timestamp":"2026-02-18T16:11:17.489Z","level":"error","app":"abacusweb-backend","message":"\nInvalid `prisma.authUser.create()` invocation:\n\n\nUnique constraint failed on the constraint: `AuthUser_tenantId_email_key`","method":"POST","path":"/api/partners","ip":"::1","userId":"cmls86h81000bhr3o0vcj3l6p","role":"SUPERADMIN","tenantId":"tenant_default","status":500,"errorCode":"INTERNAL_ERROR","stack":"PrismaClientKnownRequestError: \nInvalid `prisma.authUser.create()` invocation:\n\n\nUnique constraint failed on the constraint: `AuthUser_tenantId_email_key`\n    at ei.handleRequestError (D:\\kaka\\node_modules\\@prisma\\client\\runtime\\library.js:121:7268)\n    at ei.handleAndLogRequestError (D:\\kaka\\node_modules\\@prisma\\client\\runtime\\library.js:121:6593)\n    at ei.request (D:\\kaka\\node_modules\\@prisma\\client\\runtime\\library.js:121:6300)\n    at async a (D:\\kaka\\node_modules\\@prisma\\client\\runtime\\library.js:130:9551)\n    at async file:///D:/kaka/src/controllers/business-partners.controller.js:742:23\n    at async Proxy._transactionWithCallback (D:\\kaka\\node_modules\\@prisma\\client\\runtime\\library.js:130:8120)\n    at async file:///D:/kaka/src/controllers/business-partners.controller.js:714:19"}
{"timestamp":"2026-02-18T16:11:17.491Z","level":"info","app":"abacusweb-backend","message":"request_completed","method":"POST","path":"/api/partners","statusCode":500,"durationMs":346,"ip":"::1"}
{"timestamp":"2026-02-18T16:12:17.683Z","level":"info","app":"abacusweb-backend","message":"request_completed","method":"POST","path":"/api/auth/login","statusCode":200,"durationMs":381,"ip":"::1"}
{"timestamp":"2026-02-18T16:12:17.771Z","level":"info","app":"abacusweb-backend","message":"request_completed","method":"GET","path":"/api/reports/health-metrics","statusCode":200,"durationMs":17,"ip":"::1"}
{"timestamp":"2026-02-18T16:12:17.792Z","level":"info","app":"abacusweb-backend","message":"request_completed","method":"GET","path":"/api/reports/health-metrics","statusCode":304,"durationMs":19,"ip":"::1"}
{"timestamp":"2026-02-18T16:12:17.807Z","level":"info","app":"abacusweb-backend","message":"request_completed","method":"GET","path":"/api/reports/dashboard-summary","statusCode":200,"durationMs":56,"ip":"::1"}
{"timestamp":"2026-02-18T16:12:17.860Z","level":"info","app":"abacusweb-backend","message":"request_completed","method":"GET","path":"/api/reports/dashboard-summary","statusCode":304,"durationMs":51,"ip":"::1"}
{"timestamp":"2026-02-18T16:12:22.252Z","level":"info","app":"abacusweb-backend","message":"request_completed","method":"GET","path":"/api/business-partners?limit=20&offset=0","statusCode":200,"durationMs":17,"ip":"::1"}
{"timestamp":"2026-02-18T16:12:22.269Z","level":"info","app":"abacusweb-backend","message":"request_completed","method":"GET","path":"/api/business-partners?limit=20&offset=0","statusCode":304,"durationMs":16,"ip":"::1"}
{"timestamp":"2026-02-18T16:12:29.270Z","level":"info","app":"abacusweb-backend","message":"request_completed","method":"GET","path":"/api/business-partners?limit=20&offset=0","statusCode":200,"durationMs":53,"ip":"::1"}
{"timestamp":"2026-02-18T16:12:29.298Z","level":"info","app":"abacusweb-backend","message":"request_completed","method":"GET","path":"/api/business-partners?limit=20&offset=0","statusCode":304,"durationMs":24,"ip":"::1"}
{"timestamp":"2026-02-18T16:12:46.280Z","level":"info","app":"abacusweb-backend","message":"request_completed","method":"GET","path":"/api/business-partners?limit=20&offset=0","statusCode":200,"durationMs":34,"ip":"::1"}
{"timestamp":"2026-02-18T16:12:46.301Z","level":"info","app":"abacusweb-backend","message":"request_completed","method":"GET","path":"/api/business-partners?limit=20&offset=0","statusCode":200,"durationMs":50,"ip":"::1"}
{"timestamp":"2026-02-18T16:12:51.791Z","level":"info","app":"abacusweb-backend","message":"request_completed","method":"GET","path":"/api/business-partners/cmls8baar000dhr9o1y2zdjxv","statusCode":200,"durationMs":45,"ip":"::1"}
{"timestamp":"2026-02-18T16:12:51.830Z","level":"info","app":"abacusweb-backend","message":"request_completed","method":"GET","path":"/api/business-partners/cmls8baar000dhr9o1y2zdjxv","statusCode":304,"durationMs":38,"ip":"::1"}
{"timestamp":"2026-02-18T16:13:54.475Z","level":"info","app":"abacusweb-backend","message":"request_completed","method":"PATCH","path":"/api/business-partners/cmls8baar000dhr9o1y2zdjxv","statusCode":200,"durationMs":390,"ip":"::1"}
{"timestamp":"2026-02-18T16:14:01.894Z","level":"info","app":"abacusweb-backend","message":"request_completed","method":"GET","path":"/api/superadmins/users?role=FRANCHISE&limit=20&offset=0&q=&status=","statusCode":200,"durationMs":24,"ip":"::1"}
{"timestamp":"2026-02-18T16:14:01.911Z","level":"info","app":"abacusweb-backend","message":"request_completed","method":"GET","path":"/api/superadmins/users?role=FRANCHISE&limit=20&offset=0&q=&status=","statusCode":304,"durationMs":15,"ip":"::1"}
{"timestamp":"2026-02-18T16:14:06.989Z","level":"info","app":"abacusweb-backend","message":"request_completed","method":"GET","path":"/api/business-partners?limit=20&offset=0","statusCode":200,"durationMs":22,"ip":"::1"}
{"timestamp":"2026-02-18T16:14:07.011Z","level":"info","app":"abacusweb-backend","message":"request_completed","method":"GET","path":"/api/business-partners?limit=20&offset=0","statusCode":304,"durationMs":18,"ip":"::1"}
{"timestamp":"2026-02-18T16:14:09.340Z","level":"info","app":"abacusweb-backend","message":"request_completed","method":"GET","path":"/api/business-partners/cmls8baar000dhr9o1y2zdjxv","statusCode":200,"durationMs":35,"ip":"::1"}
{"timestamp":"2026-02-18T16:14:09.373Z","level":"info","app":"abacusweb-backend","message":"request_completed","method":"GET","path":"/api/business-partners/cmls8baar000dhr9o1y2zdjxv","statusCode":304,"durationMs":28,"ip":"::1"}
{"timestamp":"2026-02-18T16:14:17.523Z","level":"info","app":"abacusweb-backend","message":"request_completed","method":"GET","path":"/api/business-partners?limit=20&offset=0","statusCode":304,"durationMs":21,"ip":"::1"}
{"timestamp":"2026-02-18T16:14:17.544Z","level":"info","app":"abacusweb-backend","message":"request_completed","method":"GET","path":"/api/business-partners?limit=20&offset=0","statusCode":304,"durationMs":19,"ip":"::1"}
[32m[nodemon] restarting due to changes...[39m
[32m[nodemon] starting `node src/server.js`[39m
{"timestamp":"2026-02-18T16:14:35.156Z","level":"info","app":"abacusweb-backend","message":"server_started","port":4000}
[32m[nodemon] restarting due to changes...[39m
[32m[nodemon] starting `node src/server.js`[39m
{"timestamp":"2026-02-18T16:14:36.874Z","level":"info","app":"abacusweb-backend","message":"server_started","port":4000}
[32m[nodemon] restarting due to changes...[39m
[32m[nodemon] starting `node src/server.js`[39m
{"timestamp":"2026-02-18T16:15:03.189Z","level":"info","app":"abacusweb-backend","message":"server_started","port":4000}
[32m[nodemon] restarting due to changes...[39m
[32m[nodemon] starting `node src/server.js`[39m
file:///D:/kaka/src/controllers/business-partners.controller.js:110
function addDays(date, days) {
^

SyntaxError: Identifier 'addDays' has already been declared
    at compileSourceTextModule (node:internal/modules/esm/utils:346:16)
    at ModuleLoader.moduleStrategy (node:internal/modules/esm/translators:146:18)
    at #translate (node:internal/modules/esm/loader:497:12)
    at ModuleLoader.loadAndTranslate (node:internal/modules/esm/loader:544:27)

Node.js v20.19.5
[31m[nodemon] app crashed - waiting for file changes before starting...[39m
[32m[nodemon] restarting due to changes...[39m
[32m[nodemon] starting `node src/server.js`[39m
file:///D:/kaka/src/controllers/business-partners.controller.js:110
function addDays(date, days) {
^

SyntaxError: Identifier 'addDays' has already been declared
    at compileSourceTextModule (node:internal/modules/esm/utils:346:16)
    at ModuleLoader.moduleStrategy (node:internal/modules/esm/translators:146:18)
    at #translate (node:internal/modules/esm/loader:497:12)
    at ModuleLoader.loadAndTranslate (node:internal/modules/esm/loader:544:27)

Node.js v20.19.5
[31m[nodemon] app crashed - waiting for file changes before starting...[39m
[32m[nodemon] restarting child process[39m
[32m[nodemon] starting `node src/server.js`[39m
